Analysis & Synthesis report for Ula
Wed Jun 26 14:30:35 2019
Quartus II 64-Bit Version 15.0.0 Build 145 04/22/2015 SJ Web Edition


---------------------
; Table of Contents ;
---------------------
  1. Legal Notice
  2. Analysis & Synthesis Summary
  3. Analysis & Synthesis Settings
  4. Parallel Compilation
  5. Analysis & Synthesis Source Files Read
  6. Analysis & Synthesis Resource Usage Summary
  7. Analysis & Synthesis Resource Utilization by Entity
  8. User-Specified and Inferred Latches
  9. General Register Statistics
 10. Multiplexer Restructuring Statistics (Restructuring Performed)
 11. Port Connectivity Checks: "MainUla:mainUla"
 12. Port Connectivity Checks: "AluControl:aluControl"
 13. Post-Synthesis Netlist Statistics for Top Partition
 14. Elapsed Time Per Partition
 15. Analysis & Synthesis Messages



----------------
; Legal Notice ;
----------------
Copyright (C) 1991-2015 Altera Corporation. All rights reserved.
Your use of Altera Corporation's design tools, logic functions 
and other software and tools, and its AMPP partner logic 
functions, and any output files from any of the foregoing 
(including device programming or simulation files), and any 
associated documentation or information are expressly subject 
to the terms and conditions of the Altera Program License 
Subscription Agreement, the Altera Quartus II License Agreement,
the Altera MegaCore Function License Agreement, or other 
applicable license agreement, including, without limitation, 
that your use is for the sole purpose of programming logic 
devices manufactured by Altera and sold by Altera or its 
authorized distributors.  Please refer to the applicable 
agreement for further details.



+---------------------------------------------------------------------------------+
; Analysis & Synthesis Summary                                                    ;
+------------------------------------+--------------------------------------------+
; Analysis & Synthesis Status        ; Successful - Wed Jun 26 14:30:34 2019      ;
; Quartus II 64-Bit Version          ; 15.0.0 Build 145 04/22/2015 SJ Web Edition ;
; Revision Name                      ; Ula                                        ;
; Top-level Entity Name              ; Ula                                        ;
; Family                             ; Cyclone IV E                               ;
; Total logic elements               ; 486                                        ;
;     Total combinational functions  ; 486                                        ;
;     Dedicated logic registers      ; 0                                          ;
; Total registers                    ; 0                                          ;
; Total pins                         ; 106                                        ;
; Total virtual pins                 ; 0                                          ;
; Total memory bits                  ; 0                                          ;
; Embedded Multiplier 9-bit elements ; 0                                          ;
; Total PLLs                         ; 0                                          ;
+------------------------------------+--------------------------------------------+


+----------------------------------------------------------------------------------------------------------------------+
; Analysis & Synthesis Settings                                                                                        ;
+----------------------------------------------------------------------------+--------------------+--------------------+
; Option                                                                     ; Setting            ; Default Value      ;
+----------------------------------------------------------------------------+--------------------+--------------------+
; Top-level entity name                                                      ; Ula                ; Ula                ;
; Family name                                                                ; Cyclone IV E       ; Cyclone V          ;
; Use smart compilation                                                      ; Off                ; Off                ;
; Enable parallel Assembler and TimeQuest Timing Analyzer during compilation ; On                 ; On                 ;
; Enable compact report table                                                ; Off                ; Off                ;
; Restructure Multiplexers                                                   ; Auto               ; Auto               ;
; Create Debugging Nodes for IP Cores                                        ; Off                ; Off                ;
; Preserve fewer node names                                                  ; On                 ; On                 ;
; Disable OpenCore Plus hardware evaluation                                  ; Off                ; Off                ;
; Verilog Version                                                            ; Verilog_2001       ; Verilog_2001       ;
; VHDL Version                                                               ; VHDL_1993          ; VHDL_1993          ;
; State Machine Processing                                                   ; Auto               ; Auto               ;
; Safe State Machine                                                         ; Off                ; Off                ;
; Extract Verilog State Machines                                             ; On                 ; On                 ;
; Extract VHDL State Machines                                                ; On                 ; On                 ;
; Ignore Verilog initial constructs                                          ; Off                ; Off                ;
; Iteration limit for constant Verilog loops                                 ; 5000               ; 5000               ;
; Iteration limit for non-constant Verilog loops                             ; 250                ; 250                ;
; Add Pass-Through Logic to Inferred RAMs                                    ; On                 ; On                 ;
; Infer RAMs from Raw Logic                                                  ; On                 ; On                 ;
; Parallel Synthesis                                                         ; On                 ; On                 ;
; DSP Block Balancing                                                        ; Auto               ; Auto               ;
; NOT Gate Push-Back                                                         ; On                 ; On                 ;
; Power-Up Don't Care                                                        ; On                 ; On                 ;
; Remove Redundant Logic Cells                                               ; Off                ; Off                ;
; Remove Duplicate Registers                                                 ; On                 ; On                 ;
; Ignore CARRY Buffers                                                       ; Off                ; Off                ;
; Ignore CASCADE Buffers                                                     ; Off                ; Off                ;
; Ignore GLOBAL Buffers                                                      ; Off                ; Off                ;
; Ignore ROW GLOBAL Buffers                                                  ; Off                ; Off                ;
; Ignore LCELL Buffers                                                       ; Off                ; Off                ;
; Ignore SOFT Buffers                                                        ; On                 ; On                 ;
; Limit AHDL Integers to 32 Bits                                             ; Off                ; Off                ;
; Optimization Technique                                                     ; Balanced           ; Balanced           ;
; Carry Chain Length                                                         ; 70                 ; 70                 ;
; Auto Carry Chains                                                          ; On                 ; On                 ;
; Auto Open-Drain Pins                                                       ; On                 ; On                 ;
; Perform WYSIWYG Primitive Resynthesis                                      ; Off                ; Off                ;
; Auto ROM Replacement                                                       ; On                 ; On                 ;
; Auto RAM Replacement                                                       ; On                 ; On                 ;
; Auto DSP Block Replacement                                                 ; On                 ; On                 ;
; Auto Shift Register Replacement                                            ; Auto               ; Auto               ;
; Allow Shift Register Merging across Hierarchies                            ; Auto               ; Auto               ;
; Auto Clock Enable Replacement                                              ; On                 ; On                 ;
; Strict RAM Replacement                                                     ; Off                ; Off                ;
; Allow Synchronous Control Signals                                          ; On                 ; On                 ;
; Force Use of Synchronous Clear Signals                                     ; Off                ; Off                ;
; Auto RAM Block Balancing                                                   ; On                 ; On                 ;
; Auto RAM to Logic Cell Conversion                                          ; Off                ; Off                ;
; Auto Resource Sharing                                                      ; Off                ; Off                ;
; Allow Any RAM Size For Recognition                                         ; Off                ; Off                ;
; Allow Any ROM Size For Recognition                                         ; Off                ; Off                ;
; Allow Any Shift Register Size For Recognition                              ; Off                ; Off                ;
; Use LogicLock Constraints during Resource Balancing                        ; On                 ; On                 ;
; Ignore translate_off and synthesis_off directives                          ; Off                ; Off                ;
; Timing-Driven Synthesis                                                    ; On                 ; On                 ;
; Report Parameter Settings                                                  ; On                 ; On                 ;
; Report Source Assignments                                                  ; On                 ; On                 ;
; Report Connectivity Checks                                                 ; On                 ; On                 ;
; Ignore Maximum Fan-Out Assignments                                         ; Off                ; Off                ;
; Synchronization Register Chain Length                                      ; 2                  ; 2                  ;
; PowerPlay Power Optimization During Synthesis                              ; Normal compilation ; Normal compilation ;
; HDL message level                                                          ; Level2             ; Level2             ;
; Suppress Register Optimization Related Messages                            ; Off                ; Off                ;
; Number of Removed Registers Reported in Synthesis Report                   ; 5000               ; 5000               ;
; Number of Swept Nodes Reported in Synthesis Report                         ; 5000               ; 5000               ;
; Number of Inverted Registers Reported in Synthesis Report                  ; 100                ; 100                ;
; Clock MUX Protection                                                       ; On                 ; On                 ;
; Auto Gated Clock Conversion                                                ; Off                ; Off                ;
; Block Design Naming                                                        ; Auto               ; Auto               ;
; SDC constraint protection                                                  ; Off                ; Off                ;
; Synthesis Effort                                                           ; Auto               ; Auto               ;
; Shift Register Replacement - Allow Asynchronous Clear Signal               ; On                 ; On                 ;
; Pre-Mapping Resynthesis Optimization                                       ; Off                ; Off                ;
; Analysis & Synthesis Message Level                                         ; Medium             ; Medium             ;
; Disable Register Merging Across Hierarchies                                ; Auto               ; Auto               ;
; Resource Aware Inference For Block RAM                                     ; On                 ; On                 ;
; Synthesis Seed                                                             ; 1                  ; 1                  ;
+----------------------------------------------------------------------------+--------------------+--------------------+


+------------------------------------------+
; Parallel Compilation                     ;
+----------------------------+-------------+
; Processors                 ; Number      ;
+----------------------------+-------------+
; Number detected on machine ; 4           ;
; Maximum allowed            ; 2           ;
;                            ;             ;
; Average used               ; 1.00        ;
; Maximum used               ; 1           ;
;                            ;             ;
; Usage by Processor         ; % Time Used ;
;     Processor 1            ; 100.0%      ;
;     Processors 2-4         ;   0.0%      ;
+----------------------------+-------------+


+--------------------------------------------------------------------------------------------------------------------------------------+
; Analysis & Synthesis Source Files Read                                                                                               ;
+----------------------------------+-----------------+------------------------+----------------------------------------------+---------+
; File Name with User-Entered Path ; Used in Netlist ; File Type              ; File Name with Absolute Path                 ; Library ;
+----------------------------------+-----------------+------------------------+----------------------------------------------+---------+
; Ula.v                            ; yes             ; User Verilog HDL File  ; C:/Users/aluno/Desktop/Ula-32bits-crop/Ula.v ;         ;
+----------------------------------+-----------------+------------------------+----------------------------------------------+---------+


+---------------------------------------------------------------+
; Analysis & Synthesis Resource Usage Summary                   ;
+---------------------------------------------+-----------------+
; Resource                                    ; Usage           ;
+---------------------------------------------+-----------------+
; Estimated Total logic elements              ; 486             ;
;                                             ;                 ;
; Total combinational functions               ; 486             ;
; Logic element usage by number of LUT inputs ;                 ;
;     -- 4 input functions                    ; 213             ;
;     -- 3 input functions                    ; 232             ;
;     -- <=2 input functions                  ; 41              ;
;                                             ;                 ;
; Logic elements by mode                      ;                 ;
;     -- normal mode                          ; 423             ;
;     -- arithmetic mode                      ; 63              ;
;                                             ;                 ;
; Total registers                             ; 0               ;
;     -- Dedicated logic registers            ; 0               ;
;     -- I/O registers                        ; 0               ;
;                                             ;                 ;
; I/O pins                                    ; 106             ;
;                                             ;                 ;
; Embedded Multiplier 9-bit elements          ; 0               ;
;                                             ;                 ;
; Maximum fan-out node                        ; input1[1]~input ;
; Maximum fan-out                             ; 79              ;
; Total fan-out                               ; 1769            ;
; Average fan-out                             ; 2.53            ;
+---------------------------------------------+-----------------+


+------------------------------------------------------------------------------------------------------------------------------------------------------------------------------------+
; Analysis & Synthesis Resource Utilization by Entity                                                                                                                                ;
+----------------------------+-------------------+--------------+-------------+--------------+---------+-----------+------+--------------+----------------------------+--------------+
; Compilation Hierarchy Node ; LC Combinationals ; LC Registers ; Memory Bits ; DSP Elements ; DSP 9x9 ; DSP 18x18 ; Pins ; Virtual Pins ; Full Hierarchy Name        ; Library Name ;
+----------------------------+-------------------+--------------+-------------+--------------+---------+-----------+------+--------------+----------------------------+--------------+
; |Ula                       ; 486 (0)           ; 0 (0)        ; 0           ; 0            ; 0       ; 0         ; 106  ; 0            ; |Ula                       ; work         ;
;    |AluControl:aluControl| ; 5 (5)             ; 0 (0)        ; 0           ; 0            ; 0       ; 0         ; 0    ; 0            ; |Ula|AluControl:aluControl ; work         ;
;    |MainUla:mainUla|       ; 481 (481)         ; 0 (0)        ; 0           ; 0            ; 0       ; 0         ; 0    ; 0            ; |Ula|MainUla:mainUla       ; work         ;
+----------------------------+-------------------+--------------+-------------+--------------+---------+-----------+------+--------------+----------------------------+--------------+
Note: For table entries with two numbers listed, the numbers in parentheses indicate the number of resources of the given type used by the specific entity alone. The numbers listed outside of parentheses indicate the total resources of the given type used by the specific entity and all of its sub-entities in the hierarchy.


+-----------------------------------------------------------------------------------------------------------------------------+
; User-Specified and Inferred Latches                                                                                         ;
+----------------------------------------------------+-----------------------------------------------+------------------------+
; Latch Name                                         ; Latch Enable Signal                           ; Free of Timing Hazards ;
+----------------------------------------------------+-----------------------------------------------+------------------------+
; AluControl:aluControl|aluControlOutControl[1]      ; AluControl:aluControl|aluControlOutControl[2] ; yes                    ;
; AluControl:aluControl|aluControlOutControl[2]      ; AluControl:aluControl|aluControlOutControl[2] ; yes                    ;
; Number of user-specified and inferred latches = 2  ;                                               ;                        ;
+----------------------------------------------------+-----------------------------------------------+------------------------+
Note: All latches listed above may not be present at the end of synthesis due to various synthesis optimizations.


+------------------------------------------------------+
; General Register Statistics                          ;
+----------------------------------------------+-------+
; Statistic                                    ; Value ;
+----------------------------------------------+-------+
; Total registers                              ; 0     ;
; Number of registers using Synchronous Clear  ; 0     ;
; Number of registers using Synchronous Load   ; 0     ;
; Number of registers using Asynchronous Clear ; 0     ;
; Number of registers using Asynchronous Load  ; 0     ;
; Number of registers using Clock Enable       ; 0     ;
; Number of registers using Preset             ; 0     ;
+----------------------------------------------+-------+


+--------------------------------------------------------------------------------------------------------------------------------------------------+
; Multiplexer Restructuring Statistics (Restructuring Performed)                                                                                   ;
+--------------------+-----------+---------------+----------------------+------------------------+------------+------------------------------------+
; Multiplexer Inputs ; Bus Width ; Baseline Area ; Area if Restructured ; Saving if Restructured ; Registered ; Example Multiplexer Output         ;
+--------------------+-----------+---------------+----------------------+------------------------+------------+------------------------------------+
; 10:1               ; 7 bits    ; 42 LEs        ; 28 LEs               ; 14 LEs                 ; No         ; |Ula|MainUla:mainUla|resultUla[12] ;
; 10:1               ; 8 bits    ; 48 LEs        ; 32 LEs               ; 16 LEs                 ; No         ; |Ula|MainUla:mainUla|resultUla[21] ;
; 11:1               ; 4 bits    ; 28 LEs        ; 20 LEs               ; 8 LEs                  ; No         ; |Ula|MainUla:mainUla|resultUla[6]  ;
; 11:1               ; 4 bits    ; 28 LEs        ; 20 LEs               ; 8 LEs                  ; No         ; |Ula|MainUla:mainUla|resultUla[27] ;
; 12:1               ; 2 bits    ; 16 LEs        ; 12 LEs               ; 4 LEs                  ; No         ; |Ula|MainUla:mainUla|resultUla[3]  ;
; 12:1               ; 2 bits    ; 16 LEs        ; 12 LEs               ; 4 LEs                  ; No         ; |Ula|MainUla:mainUla|resultUla[28] ;
; 13:1               ; 2 bits    ; 16 LEs        ; 12 LEs               ; 4 LEs                  ; No         ; |Ula|MainUla:mainUla|resultUla[0]  ;
+--------------------+-----------+---------------+----------------------+------------------------+------------+------------------------------------+


+-------------------------------------------------------------------------------------------------------------------------------------------------+
; Port Connectivity Checks: "MainUla:mainUla"                                                                                                     ;
+------------------+--------+----------+----------------------------------------------------------------------------------------------------------+
; Port             ; Type   ; Severity ; Details                                                                                                  ;
+------------------+--------+----------+----------------------------------------------------------------------------------------------------------+
; resultOverflowed ; Output ; Warning  ; Declared by entity but not connected by instance. Logic that only feeds a dangling port will be removed. ;
+------------------+--------+----------+----------------------------------------------------------------------------------------------------------+


+------------------------------------------------------------------------------------------------------------------------------------------------------------------------------------------------------------------+
; Port Connectivity Checks: "AluControl:aluControl"                                                                                                                                                                ;
+----------------------+--------+----------+-----------------------------------------------------------------------------------------------------------------------------------------------------------------------+
; Port                 ; Type   ; Severity ; Details                                                                                                                                                               ;
+----------------------+--------+----------+-----------------------------------------------------------------------------------------------------------------------------------------------------------------------+
; functControl         ; Input  ; Warning  ; Input port expression (1 bits) is smaller than the input port (6 bits) it drives.  Extra input bit(s) "functControl[5..1]" will be connected to GND.                  ;
; aluControlOutControl ; Output ; Warning  ; Output or bidir port (3 bits) is smaller than the port expression (4 bits) it drives.  The 1 most-significant bit(s) in the port expression will be connected to GND. ;
+----------------------+--------+----------+-----------------------------------------------------------------------------------------------------------------------------------------------------------------------+


+-----------------------------------------------------+
; Post-Synthesis Netlist Statistics for Top Partition ;
+-----------------------+-----------------------------+
; Type                  ; Count                       ;
+-----------------------+-----------------------------+
; boundary_port         ; 106                         ;
; cycloneiii_lcell_comb ; 487                         ;
;     arith             ; 63                          ;
;         3 data inputs ; 63                          ;
;     normal            ; 424                         ;
;         0 data inputs ; 1                           ;
;         2 data inputs ; 41                          ;
;         3 data inputs ; 169                         ;
;         4 data inputs ; 213                         ;
;                       ;                             ;
; Max LUT depth         ; 9.00                        ;
; Average LUT depth     ; 6.69                        ;
+-----------------------+-----------------------------+


+-------------------------------+
; Elapsed Time Per Partition    ;
+----------------+--------------+
; Partition Name ; Elapsed Time ;
+----------------+--------------+
; Top            ; 00:00:02     ;
+----------------+--------------+


+-------------------------------+
; Analysis & Synthesis Messages ;
+-------------------------------+
Info: *******************************************************************
Info: Running Quartus II 64-Bit Analysis & Synthesis
    Info: Version 15.0.0 Build 145 04/22/2015 SJ Web Edition
    Info: Processing started: Wed Jun 26 14:30:12 2019
Info: Command: quartus_map --read_settings_files=on --write_settings_files=off Ula -c Ula
Info (11104): Parallel Compilation has detected 4 hyper-threaded processors. However, the extra hyper-threaded processors will not be used by default. Parallel Compilation will use 2 of the 2 physical processors detected instead.
Info (12021): Found 3 design units, including 3 entities, in source file ula.v
    Info (12023): Found entity 1: Ula
    Info (12023): Found entity 2: MainUla
    Info (12023): Found entity 3: AluControl
Warning (10236): Verilog HDL Implicit Net warning at Ula.v(10): created implicit net for "func"
Warning (10236): Verilog HDL Implicit Net warning at Ula.v(48): created implicit net for "isOverflowed"
Info (12127): Elaborating entity "Ula" for the top level hierarchy
Info (12128): Elaborating entity "AluControl" for hierarchy "AluControl:aluControl"
Warning (10036): Verilog HDL or VHDL warning at Ula.v(48): object "isOverflowed" assigned a value but never read
Warning (10230): Verilog HDL assignment warning at Ula.v(58): truncated value with size 32 to match size of target (3)
Warning (10240): Verilog HDL Always Construct warning at Ula.v(52): inferring latch(es) for variable "aluControlOutControl", which holds its previous value in one or more paths through the always construct
Info (10041): Inferred latch for "aluControlOutControl[0]" at Ula.v(56)
Info (10041): Inferred latch for "aluControlOutControl[1]" at Ula.v(56)
Info (10041): Inferred latch for "aluControlOutControl[2]" at Ula.v(56)
Info (12128): Elaborating entity "MainUla" for hierarchy "MainUla:mainUla"
Warning (10230): Verilog HDL assignment warning at Ula.v(30): truncated value with size 32 to match size of target (2)
Warning (10764): Verilog HDL warning at Ula.v(36): converting signed shift amount to unsigned
Warning (10764): Verilog HDL warning at Ula.v(37): converting signed shift amount to unsigned
Warning (10764): Verilog HDL warning at Ula.v(38): converting signed shift amount to unsigned
Warning (12011): Net is missing source, defaulting to GND
    Warning (12110): Net "aluControlOut[3]" is missing source, defaulting to GND
Warning (12241): 2 hierarchies have connectivity warnings - see the Connectivity Checks report folder
Warning (13012): Latch AluControl:aluControl|aluControlOutControl[1] has unsafe behavior
    Warning (13013): Ports D and ENA on the latch are fed by the same signal aluOp[0]
Warning (13012): Latch AluControl:aluControl|aluControlOutControl[2] has unsafe behavior
    Warning (13013): Ports D and ENA on the latch are fed by the same signal aluOp[0]
Warning (13024): Output pins are stuck at VCC or GND
    Warning (13410): Pin "isOverflowed[1]" is stuck at GND
Info (286030): Timing-Driven Synthesis is running
Info (16010): Generating hard_block partition "hard_block:auto_generated_inst"
    Info (16011): Adding 0 node(s), including 0 DDIO, 0 PLL, 0 transceiver and 0 LCELL
Warning (21074): Design contains 6 input pin(s) that do not drive logic
    Warning (15610): No output dependent on input pin "funct[0]"
    Warning (15610): No output dependent on input pin "funct[1]"
    Warning (15610): No output dependent on input pin "funct[2]"
    Warning (15610): No output dependent on input pin "funct[3]"
    Warning (15610): No output dependent on input pin "funct[4]"
    Warning (15610): No output dependent on input pin "funct[5]"
Info (21057): Implemented 592 device resources after synthesis - the final resource count might be different
    Info (21058): Implemented 72 input pins
    Info (21059): Implemented 34 output pins
    Info (21061): Implemented 486 logic cells
Info: Quartus II 64-Bit Analysis & Synthesis was successful. 0 errors, 25 warnings
    Info: Peak virtual memory: 4831 megabytes
    Info: Processing ended: Wed Jun 26 14:30:35 2019
    Info: Elapsed time: 00:00:23
    Info: Total CPU time (on all processors): 00:00:41


